[  0%] Built target tf2_msgs_generate_messages_nodejs
[  0%] Built target actionlib_msgs_generate_messages_nodejs
[  0%] Built target trajectory_msgs_generate_messages_lisp
[  0%] Built target trajectory_msgs_generate_messages_nodejs
[  0%] Built target visualization_msgs_generate_messages_nodejs
[  0%] Built target visualization_msgs_generate_messages_lisp
[  0%] Built target visualization_msgs_generate_messages_py
[  0%] Built target tf_generate_messages_nodejs
[  0%] Built target tf2_msgs_generate_messages_lisp
[  0%] Built target trajectory_msgs_generate_messages_cpp
[  0%] Built target actionlib_generate_messages_nodejs
[  0%] Built target tf_generate_messages_cpp
[  0%] Built target tf2_msgs_generate_messages_cpp
[  5%] Built target servo_state_publisher
[  5%] Built target actionlib_msgs_generate_messages_eus
[  5%] Built target tf_generate_messages_eus
[  5%] Built target actionlib_generate_messages_cpp
[  5%] Built target nav_msgs_generate_messages_cpp
[  5%] Built target std_msgs_generate_messages_nodejs
[  5%] Built target roscpp_generate_messages_py
[  5%] Built target actionlib_generate_messages_py
[  5%] Built target trajectory_msgs_generate_messages_eus
[  5%] Built target visualization_msgs_generate_messages_eus
[  5%] Built target rosgraph_msgs_generate_messages_lisp
[  5%] Built target geometry_msgs_generate_messages_eus
[  5%] Built target diagnostic_msgs_generate_messages_lisp
[  5%] Built target nav_msgs_generate_messages_eus
[  5%] Built target std_msgs_generate_messages_cpp
[  5%] Built target sensor_msgs_generate_messages_py
[  5%] Built target diagnostic_msgs_generate_messages_eus
[  5%] Built target std_msgs_generate_messages_py
[  5%] Built target mavros_msgs_generate_messages_eus
[  5%] Built target roscpp_generate_messages_cpp
[  5%] Built target actionlib_generate_messages_lisp
[  5%] Built target geometry_msgs_generate_messages_py
[  5%] Built target tf2_msgs_generate_messages_eus
[  5%] Built target tf_generate_messages_lisp
[  5%] Built target nav_msgs_generate_messages_py
[  5%] Built target roscpp_generate_messages_lisp
[  5%] Built target diagnostic_msgs_generate_messages_cpp
[  5%] Built target geometry_msgs_generate_messages_cpp
[  5%] Built target rosgraph_msgs_generate_messages_py
[  5%] Built target trajectory_msgs_generate_messages_py
[  5%] Built target geometry_msgs_generate_messages_nodejs
[  5%] Built target uuid_msgs_generate_messages_lisp
[  5%] Built target diagnostic_msgs_generate_messages_nodejs
[  5%] Built target std_msgs_generate_messages_lisp
[  5%] Built target geometry_msgs_generate_messages_lisp
[  5%] Built target rosgraph_msgs_generate_messages_cpp
[  5%] Built target actionlib_generate_messages_eus
[  5%] Built target roscpp_generate_messages_eus
[  5%] Built target roscpp_generate_messages_nodejs
[  5%] Built target mavros_msgs_generate_messages_py
[  5%] Built target uuid_msgs_generate_messages_eus
[  5%] Built target rosgraph_msgs_generate_messages_nodejs
[  5%] Built target uuid_msgs_generate_messages_cpp
[  5%] Built target geographic_msgs_generate_messages_eus
[  5%] Built target geographic_msgs_generate_messages_cpp
[  5%] Built target rosgraph_msgs_generate_messages_eus
[  5%] Built target geographic_msgs_generate_messages_lisp
[  5%] Built target sensor_msgs_generate_messages_cpp
[  5%] Built target diagnostic_msgs_generate_messages_py
[  5%] Built target nav_msgs_generate_messages_nodejs
[  5%] Built target geographic_msgs_generate_messages_py
[  5%] Built target geographic_msgs_generate_messages_nodejs
[  5%] Built target visualization_msgs_generate_messages_cpp
[  5%] Built target sensor_msgs_generate_messages_eus
[  5%] Built target sensor_msgs_generate_messages_lisp
[  5%] Built target uuid_msgs_generate_messages_nodejs
[  5%] Built target uuid_msgs_generate_messages_py
[  5%] Built target mavros_msgs_generate_messages_lisp
[  5%] Built target actionlib_msgs_generate_messages_py
[  5%] Built target tf2_msgs_generate_messages_py
[  5%] Built target mavros_msgs_generate_messages_nodejs
[  5%] Built target mavros_msgs_generate_messages_cpp
[  5%] Built target sensor_msgs_generate_messages_nodejs
[  5%] Built target tf_generate_messages_py
[  5%] Built target nav_msgs_generate_messages_lisp
[  5%] Built target actionlib_msgs_generate_messages_cpp
[  5%] Built target actionlib_msgs_generate_messages_lisp
[  5%] Built target std_msgs_generate_messages_eus
[ 10%] Built target visualization
[35m[1mScanning dependencies of target mavros_extras[0m
[ 13%] [32mBuilding CXX object CMakeFiles/mavros_extras.dir/src/plugins/gimbal_control.cpp.o[0m
[01m[K/home/calvinwen/catkin_ws/src/mavros/mavros_extras/src/plugins/gimbal_control.cpp:38:10:[m[K [01;31m[Kfatal error: [m[Kmavros_msgs/srv/GimbalGetInformation.h: No such file or directory
   38 | #include [01;31m[K"mavros_msgs/srv/GimbalGetInformation.h"[m[K
      |          [01;31m[K^~~~~~~~~~~~~~~~~~~~~~~~~~~~~~~~~~~~~~~~[m[K
compilation terminated.
make[2]: *** [CMakeFiles/mavros_extras.dir/build.make:206: CMakeFiles/mavros_extras.dir/src/plugins/gimbal_control.cpp.o] Error 1
make[1]: *** [CMakeFiles/Makefile2:735: CMakeFiles/mavros_extras.dir/all] Error 2
make: *** [Makefile:141: all] Error 2
